# JRE version: OpenJDK Runtime Environment (17.0.9) (build 17.0.9+0--11185874)
# Java VM: OpenJDK 64-Bit Server VM (17.0.9+0--11185874, mixed mode, tiered, compressed oops, compressed class ptrs, g1 gc, windows-amd64)
GC Precious Log:
 CPUs: 4 total, 4 available
 Memory: 3964M
 Large Page Support: Disabled
 NUMA Support: Disabled
 Compressed Oops: Enabled (32-bit)
 Heap Region Size: 1M
 Heap Min Capacity: 8M
 Heap Initial Capacity: 62M
 Heap Max Capacity: 2G
 Pre-touch: Disabled
 Parallel Workers: 4
 Concurrent Workers: 1
 Concurrent Refinement Workers: 4
 Periodic GC: Disabled
Heap:
 garbage-first heap   total 558080K, used 136189K [0x0000000080000000, 0x0000000100000000)
  region size 1024K, 1 young (1024K), 1 survivors (1024K)
 Metaspace       used 112425K, committed 113216K, reserved 1179648K
  class space    used 14935K, committed 15296K, reserved 1048576K
GC Heap History (20 events):
Event: 64.789 GC heap after
{Heap after GC invocations=58 (full 0):
 garbage-first heap   total 288768K, used 124928K [0x0000000080000000, 0x0000000100000000)
  region size 1024K, 2 young (2048K), 2 survivors (2048K)
 Metaspace       used 103079K, committed 103872K, reserved 1179648K
  class space    used 13881K, committed 14272K, reserved 1048576K
}
Event: 66.961 GC heap before
{Heap before GC invocations=58 (full 0):
 garbage-first heap   total 288768K, used 137216K [0x0000000080000000, 0x0000000100000000)
  region size 1024K, 14 young (14336K), 2 survivors (2048K)
 Metaspace       used 103703K, committed 104448K, reserved 1179648K
  class space    used 13954K, committed 14336K, reserved 1048576K
}
Event: 67.040 GC heap after
{Heap after GC invocations=59 (full 0):
 garbage-first heap   total 558080K, used 126854K [0x0000000080000000, 0x0000000100000000)
  region size 1024K, 2 young (2048K), 2 survivors (2048K)
 Metaspace       used 103703K, committed 104448K, reserved 1179648K
  class space    used 13954K, committed 14336K, reserved 1048576K
}
Event: 68.999 GC heap before
{Heap before GC invocations=59 (full 0):
 garbage-first heap   total 558080K, used 151430K [0x0000000080000000, 0x0000000100000000)
  region size 1024K, 27 young (27648K), 2 survivors (2048K)
 Metaspace       used 105249K, committed 106112K, reserved 1179648K
  class space    used 14105K, committed 14528K, reserved 1048576K
}
Event: 69.144 GC heap after
{Heap after GC invocations=60 (full 0):
 garbage-first heap   total 558080K, used 131592K [0x0000000080000000, 0x0000000100000000)
  region size 1024K, 4 young (4096K), 4 survivors (4096K)
 Metaspace       used 105249K, committed 106112K, reserved 1179648K
  class space    used 14105K, committed 14528K, reserved 1048576K
}
Event: 71.083 GC heap before
{Heap before GC invocations=60 (full 0):
 garbage-first heap   total 558080K, used 155144K [0x0000000080000000, 0x0000000100000000)
  region size 1024K, 27 young (27648K), 4 survivors (4096K)
 Metaspace       used 105381K, committed 106240K, reserved 1179648K
  class space    used 14105K, committed 14528K, reserved 1048576K
}
Event: 71.115 GC heap after
{Heap after GC invocations=61 (full 0):
 garbage-first heap   total 558080K, used 130170K [0x0000000080000000, 0x0000000100000000)
  region size 1024K, 1 young (1024K), 1 survivors (1024K)
 Metaspace       used 105381K, committed 106240K, reserved 1179648K
  class space    used 14105K, committed 14528K, reserved 1048576K
}
Event: 75.523 GC heap before
{Heap before GC invocations=61 (full 0):
 garbage-first heap   total 558080K, used 184442K [0x0000000080000000, 0x0000000100000000)
  region size 1024K, 43 young (44032K), 1 survivors (1024K)
 Metaspace       used 105944K, committed 106688K, reserved 1179648K
  class space    used 14151K, committed 14528K, reserved 1048576K
}
Event: 75.605 GC heap after
{Heap after GC invocations=62 (full 0):
 garbage-first heap   total 558080K, used 130972K [0x0000000080000000, 0x0000000100000000)
  region size 1024K, 2 young (2048K), 2 survivors (2048K)
 Metaspace       used 105944K, committed 106688K, reserved 1179648K
  class space    used 14151K, committed 14528K, reserved 1048576K
}
Event: 87.722 GC heap before
{Heap before GC invocations=62 (full 0):
 garbage-first heap   total 558080K, used 183196K [0x0000000080000000, 0x0000000100000000)
  region size 1024K, 52 young (53248K), 2 survivors (2048K)
 Metaspace       used 107021K, committed 107840K, reserved 1179648K
  class space    used 14246K, committed 14656K, reserved 1048576K
}
Event: 88.210 GC heap after
{Heap after GC invocations=63 (full 0):
 garbage-first heap   total 558080K, used 131130K [0x0000000080000000, 0x0000000100000000)
  region size 1024K, 2 young (2048K), 2 survivors (2048K)
 Metaspace       used 107021K, committed 107840K, reserved 1179648K
  class space    used 14246K, committed 14656K, reserved 1048576K
}
Event: 97.378 GC heap before
{Heap before GC invocations=63 (full 0):
 garbage-first heap   total 558080K, used 158778K [0x0000000080000000, 0x0000000100000000)
  region size 1024K, 30 young (30720K), 2 survivors (2048K)
 Metaspace       used 107989K, committed 108736K, reserved 1179648K
  class space    used 14355K, committed 14720K, reserved 1048576K
}
Event: 97.469 GC heap after
{Heap after GC invocations=64 (full 0):
 garbage-first heap   total 558080K, used 132178K [0x0000000080000000, 0x0000000100000000)
  region size 1024K, 3 young (3072K), 3 survivors (3072K)
 Metaspace       used 107989K, committed 108736K, reserved 1179648K
  class space    used 14355K, committed 14720K, reserved 1048576K
}
Event: 139.649 GC heap before
{Heap before GC invocations=64 (full 0):
 garbage-first heap   total 558080K, used 204882K [0x0000000080000000, 0x0000000100000000)
  region size 1024K, 75 young (76800K), 3 survivors (3072K)
 Metaspace       used 112324K, committed 113088K, reserved 1179648K
  class space    used 14930K, committed 15296K, reserved 1048576K
}
Event: 142.093 GC heap after
{Heap after GC invocations=65 (full 0):
 garbage-first heap   total 558080K, used 135529K [0x0000000080000000, 0x0000000100000000)
  region size 1024K, 6 young (6144K), 6 survivors (6144K)
 Metaspace       used 112324K, committed 113088K, reserved 1179648K
  class space    used 14930K, committed 15296K, reserved 1048576K
}
Event: 143.475 GC heap before
{Heap before GC invocations=65 (full 0):
 garbage-first heap   total 558080K, used 156009K [0x0000000080000000, 0x0000000100000000)
  region size 1024K, 27 young (27648K), 6 survivors (6144K)
 Metaspace       used 112404K, committed 113216K, reserved 1179648K
  class space    used 14934K, committed 15296K, reserved 1048576K
}
Event: 143.956 GC heap after
{Heap after GC invocations=66 (full 0):
 garbage-first heap   total 558080K, used 136243K [0x0000000080000000, 0x0000000100000000)
  region size 1024K, 1 young (1024K), 1 survivors (1024K)
 Metaspace       used 112404K, committed 113216K, reserved 1179648K
  class space    used 14934K, committed 15296K, reserved 1048576K
}
Event: 144.646 GC heap before
{Heap before GC invocations=66 (full 0):
 garbage-first heap   total 558080K, used 161843K [0x0000000080000000, 0x0000000100000000)
  region size 1024K, 27 young (27648K), 1 survivors (1024K)
 Metaspace       used 112425K, committed 113216K, reserved 1179648K
  class space    used 14935K, committed 15296K, reserved 1048576K
}
Event: 144.680 GC heap after
{Heap after GC invocations=67 (full 0):
 garbage-first heap   total 558080K, used 135894K [0x0000000080000000, 0x0000000100000000)
  region size 1024K, 1 young (1024K), 1 survivors (1024K)
 Metaspace       used 112425K, committed 113216K, reserved 1179648K
  class space    used 14935K, committed 15296K, reserved 1048576K
}
Event: 145.111 GC heap before
{Heap before GC invocations=67 (full 0):
 garbage-first heap   total 558080K, used 161494K [0x0000000080000000, 0x0000000100000000)
  region size 1024K, 27 young (27648K), 1 survivors (1024K)
 Metaspace       used 112425K, committed 113216K, reserved 1179648K
  class space    used 14935K, committed 15296K, reserved 1048576K
}

